#
# There is insufficient memory for the Java Runtime Environment to continue.
# Native memory allocation (mmap) failed to map 65536 bytes for Failed to commit metaspace.
# Possible reasons:
#   The system is out of physical RAM or swap space
#   The process is running with CompressedOops enabled, and the Java Heap may be blocking the growth of the native heap
# Possible solutions:
#   Reduce memory load on the system
#   Increase physical memory or swap space
#   Check if swap backing store is full
#   Decrease Java heap size (-Xmx/-Xms)
#   Decrease number of Java threads
#   Decrease Java thread stack sizes (-Xss)
#   Set larger code cache with -XX:ReservedCodeCacheSize=
#   JVM is running with Unscaled Compressed Oops mode in which the Java heap is
#     placed in the first 4GB address space. The Java Heap base address is the
#     maximum limit for the native heap growth. Please use -XX:HeapBaseMinAddress
#     to set the Java Heap base and to place the Java Heap above 4GB virtual address.
# This output file may be truncated or incomplete.
#
#  Out of Memory Error (virtualSpaceNode.cpp:108), pid=3752, tid=15124
#
# JRE version: OpenJDK Runtime Environment (16.0.2+7) (build 16.0.2+7-67)
# Java VM: OpenJDK 64-Bit Server VM (16.0.2+7-67, mixed mode, tiered, compressed oops, compressed class ptrs, g1 gc, windows-amd64)
# No core dump will be written. Minidumps are not enabled by default on client versions of Windows
#

---------------  S U M M A R Y ------------

Command Line: -Dcom.sun.management.jmxremote -Dcom.sun.management.jmxremote.port=33634 -Dcom.sun.management.jmxremote.authenticate=false -Dcom.sun.management.jmxremote.ssl=false -Djava.rmi.server.hostname=localhost -Dspring.jmx.enabled=true -Dspring.application.admin.enabled=true -XX:TieredStopAtLevel=1 -Dspring.boot.project.name=gestion-empleados-backend -Dfile.encoding=UTF-8 -XX:+ShowCodeDetailsInExceptionMessages com.gestion.empleados.GestionEmpleadosBackendApplication --spring.output.ansi.enabled=always

Host: Intel(R) Core(TM) i5-3210M CPU @ 2.50GHz, 4 cores, 3G,  Windows 10 , 64 bit Build 19041 (10.0.19041.1889)
Time: Mon Nov 21 00:08:56 2022 Hora estándar, América Central elapsed time: 319.581463 seconds (0d 0h 5m 19s)

---------------  T H R E A D  ---------------

Current thread (0x0000017b916f49c0):  JavaThread "restartedMain" [_thread_in_vm, id=15124, stack(0x000000060a500000,0x000000060a600000)]

Stack: [0x000000060a500000,0x000000060a600000]
Native frames: (J=compiled Java code, j=interpreted, Vv=VM code, C=native code)
V  [jvm.dll+0x6681ca]
V  [jvm.dll+0x7c9e69]
V  [jvm.dll+0x7cb61e]
V  [jvm.dll+0x7cbc73]
V  [jvm.dll+0x242c55]
V  [jvm.dll+0x7c64eb]
V  [jvm.dll+0x60ddd6]
V  [jvm.dll+0x1be6ce]
V  [jvm.dll+0x610531]
V  [jvm.dll+0x60e6d1]
V  [jvm.dll+0x23709f]
V  [jvm.dll+0x618d55]
V  [jvm.dll+0x1e97ef]
V  [jvm.dll+0x1e9d25]
V  [jvm.dll+0x1ea8af]
V  [jvm.dll+0x1df631]
V  [jvm.dll+0x535ff8]
V  [jvm.dll+0x742a71]
V  [jvm.dll+0x40703f]
V  [jvm.dll+0x40d362]
C  [java.dll+0x17c8]

Java frames: (J=compiled Java code, j=interpreted, Vv=VM code)
J 1162  java.lang.ClassLoader.defineClass1(Ljava/lang/ClassLoader;Ljava/lang/String;[BIILjava/security/ProtectionDomain;Ljava/lang/String;)Ljava/lang/Class; java.base@16.0.2 (0 bytes) @ 0x0000017b808477fb [0x0000017b80847740+0x00000000000000bb]
J 1390 c1 java.lang.ClassLoader.defineClass(Ljava/lang/String;[BIILjava/security/ProtectionDomain;)Ljava/lang/Class; java.base@16.0.2 (43 bytes) @ 0x0000017b808a115c [0x0000017b808a1060+0x00000000000000fc]
J 1194 c1 jdk.internal.loader.BuiltinClassLoader.defineClass(Ljava/lang/String;Ljdk/internal/loader/Resource;)Ljava/lang/Class; java.base@16.0.2 (121 bytes) @ 0x0000017b80853b3c [0x0000017b808536a0+0x000000000000049c]
J 1178 c1 jdk.internal.loader.BuiltinClassLoader.findClassOnClassPathOrNull(Ljava/lang/String;)Ljava/lang/Class; java.base@16.0.2 (64 bytes) @ 0x0000017b8084bfbc [0x0000017b8084bd20+0x000000000000029c]
J 961 c1 jdk.internal.loader.BuiltinClassLoader.loadClassOrNull(Ljava/lang/String;Z)Ljava/lang/Class; java.base@16.0.2 (143 bytes) @ 0x0000017b807ee8ec [0x0000017b807ee4a0+0x000000000000044c]
J 1088 c1 jdk.internal.loader.ClassLoaders$AppClassLoader.loadClass(Ljava/lang/String;Z)Ljava/lang/Class; java.base@16.0.2 (40 bytes) @ 0x0000017b808271c4 [0x0000017b80827080+0x0000000000000144]
J 1081 c1 java.lang.ClassLoader.loadClass(Ljava/lang/String;)Ljava/lang/Class; java.base@16.0.2 (7 bytes) @ 0x0000017b80824284 [0x0000017b80824240+0x0000000000000044]
v  ~StubRoutines::call_stub
j  org.hibernate.boot.internal.ClassmateContext.<init>()V+5
j  org.hibernate.boot.internal.BootstrapContextImpl.<init>(Lorg/hibernate/boot/registry/StandardServiceRegistry;Lorg/hibernate/boot/spi/MetadataBuildingOptions;)V+14
j  org.hibernate.boot.internal.MetadataBuilderImpl.<init>(Lorg/hibernate/boot/MetadataSources;Lorg/hibernate/boot/registry/StandardServiceRegistry;)V+31
j  org.hibernate.boot.MetadataSources.getMetadataBuilder(Lorg/hibernate/boot/registry/StandardServiceRegistry;)Lorg/hibernate/boot/MetadataBuilder;+6
j  org.hibernate.jpa.boot.internal.EntityManagerFactoryBuilderImpl.<init>(Lorg/hibernate/jpa/boot/spi/PersistenceUnitDescriptor;Ljava/util/Map;Ljava/lang/ClassLoader;Lorg/hibernate/boot/registry/classloading/spi/ClassLoaderService;)V+205
j  org.hibernate.jpa.boot.internal.EntityManagerFactoryBuilderImpl.<init>(Lorg/hibernate/jpa/boot/spi/PersistenceUnitDescriptor;Ljava/util/Map;)V+5
j  org.springframework.orm.jpa.vendor.SpringHibernateJpaPersistenceProvider.createContainerEntityManagerFactory(Ljavax/persistence/spi/PersistenceUnitInfo;Ljava/util/Map;)Ljavax/persistence/EntityManagerFactory;+52
j  org.springframework.orm.jpa.LocalContainerEntityManagerFactoryBean.createNativeEntityManagerFactory()Ljavax/persistence/EntityManagerFactory;+129
j  org.springframework.orm.jpa.AbstractEntityManagerFactoryBean.buildNativeEntityManagerFactory()Ljavax/persistence/EntityManagerFactory;+1
j  org.springframework.orm.jpa.AbstractEntityManagerFactoryBean.afterPropertiesSet()V+192
j  org.springframework.orm.jpa.LocalContainerEntityManagerFactoryBean.afterPropertiesSet()V+77
j  org.springframework.beans.factory.support.AbstractAutowireCapableBeanFactory.invokeInitMethods(Ljava/lang/String;Ljava/lang/Object;Lorg/springframework/beans/factory/support/RootBeanDefinition;)V+106
j  org.springframework.beans.factory.support.AbstractAutowireCapableBeanFactory.initializeBean(Ljava/lang/String;Ljava/lang/Object;Lorg/springframework/beans/factory/support/RootBeanDefinition;)Ljava/lang/Object;+59
j  org.springframework.beans.factory.support.AbstractAutowireCapableBeanFactory.doCreateBean(Ljava/lang/String;Lorg/springframework/beans/factory/support/RootBeanDefinition;[Ljava/lang/Object;)Ljava/lang/Object;+245
j  org.springframework.beans.factory.support.AbstractAutowireCapableBeanFactory.createBean(Ljava/lang/String;Lorg/springframework/beans/factory/support/RootBeanDefinition;[Ljava/lang/Object;)Ljava/lang/Object;+169
j  org.springframework.beans.factory.support.AbstractBeanFactory.lambda$doGetBean$0(Ljava/lang/String;Lorg/springframework/beans/factory/support/RootBeanDefinition;[Ljava/lang/Object;)Ljava/lang/Object;+4
j  org.springframework.beans.factory.support.AbstractBeanFactory$$Lambda$349+0x000000010029f020.getObject()Ljava/lang/Object;+16
j  org.springframework.beans.factory.support.DefaultSingletonBeanRegistry.getSingleton(Ljava/lang/String;Lorg/springframework/beans/factory/ObjectFactory;)Ljava/lang/Object;+132
J 2989 c1 org.springframework.beans.factory.support.AbstractBeanFactory.doGetBean(Ljava/lang/String;Ljava/lang/Class;[Ljava/lang/Object;Z)Ljava/lang/Object; (832 bytes) @ 0x0000017b80b2cb34 [0x0000017b80b2c5a0+0x0000000000000594]
j  org.springframework.beans.factory.support.AbstractBeanFactory.getBean(Ljava/lang/String;)Ljava/lang/Object;+5
j  org.springframework.context.support.AbstractApplicationContext.getBean(Ljava/lang/String;)Ljava/lang/Object;+9
j  org.springframework.context.support.AbstractApplicationContext.finishBeanFactoryInitialization(Lorg/springframework/beans/factory/config/ConfigurableListableBeanFactory;)V+100
j  org.springframework.context.support.AbstractApplicationContext.refresh()V+86
j  org.springframework.boot.web.servlet.context.ServletWebServerApplicationContext.refresh()V+1
j  org.springframework.boot.SpringApplication.refresh(Lorg/springframework/context/ConfigurableApplicationContext;)V+1
j  org.springframework.boot.SpringApplication.refreshContext(Lorg/springframework/context/ConfigurableApplicationContext;)V+16
j  org.springframework.boot.SpringApplication.run([Ljava/lang/String;)Lorg/springframework/context/ConfigurableApplicationContext;+111
j  org.springframework.boot.SpringApplication.run([Ljava/lang/Class;[Ljava/lang/String;)Lorg/springframework/context/ConfigurableApplicationContext;+9
j  org.springframework.boot.SpringApplication.run(Ljava/lang/Class;[Ljava/lang/String;)Lorg/springframework/context/ConfigurableApplicationContext;+9
j  com.gestion.empleados.GestionEmpleadosBackendApplication.main([Ljava/lang/String;)V+3
v  ~StubRoutines::call_stub
j  jdk.internal.reflect.NativeMethodAccessorImpl.invoke0(Ljava/lang/reflect/Method;Ljava/lang/Object;[Ljava/lang/Object;)Ljava/lang/Object;+0 java.base@16.0.2
j  jdk.internal.reflect.NativeMethodAccessorImpl.invoke(Ljava/lang/Object;[Ljava/lang/Object;)Ljava/lang/Object;+146 java.base@16.0.2
j  jdk.internal.reflect.DelegatingMethodAccessorImpl.invoke(Ljava/lang/Object;[Ljava/lang/Object;)Ljava/lang/Object;+6 java.base@16.0.2
j  java.lang.reflect.Method.invoke(Ljava/lang/Object;[Ljava/lang/Object;)Ljava/lang/Object;+59 java.base@16.0.2
j  org.springframework.boot.devtools.restart.RestartLauncher.run()V+42
v  ~StubRoutines::call_stub

---------------  P R O C E S S  ---------------

Threads class SMR info:
_java_thread_list=0x0000017b933d7a30, length=24, elements={
0x0000017bf8d203c0, 0x0000017bfec69250, 0x0000017bfec6a020, 0x0000017bfeca03c0,
0x0000017bfeca1ce0, 0x0000017bfeca25f0, 0x0000017bfeca36a0, 0x0000017bfeca3fb0,
0x0000017bfecd8050, 0x0000017bff87e430, 0x0000017bff97c160, 0x0000017b912aefe0,
0x0000017b91291ea0, 0x0000017b912923c0, 0x0000017b912fecb0, 0x0000017b91323680,
0x0000017b9142e1f0, 0x0000017b91694540, 0x0000017b916c1b20, 0x0000017b916f49c0,
0x0000017b916f4470, 0x0000017b916f6450, 0x0000017b916f69a0, 0x0000017b916f7990
}

Java Threads: ( => current thread )
  0x0000017bf8d203c0 JavaThread "main" [_thread_blocked, id=276, stack(0x0000000608600000,0x0000000608700000)]
  0x0000017bfec69250 JavaThread "Reference Handler" daemon [_thread_blocked, id=6316, stack(0x0000000608d00000,0x0000000608e00000)]
  0x0000017bfec6a020 JavaThread "Finalizer" daemon [_thread_blocked, id=14820, stack(0x0000000608e00000,0x0000000608f00000)]
  0x0000017bfeca03c0 JavaThread "Signal Dispatcher" daemon [_thread_blocked, id=15120, stack(0x0000000608f00000,0x0000000609000000)]
  0x0000017bfeca1ce0 JavaThread "Attach Listener" daemon [_thread_blocked, id=14920, stack(0x0000000609000000,0x0000000609100000)]
  0x0000017bfeca25f0 JavaThread "Service Thread" daemon [_thread_blocked, id=1912, stack(0x0000000609100000,0x0000000609200000)]
  0x0000017bfeca36a0 JavaThread "Monitor Deflation Thread" daemon [_thread_blocked, id=9256, stack(0x0000000609200000,0x0000000609300000)]
  0x0000017bfeca3fb0 JavaThread "C1 CompilerThread0" daemon [_thread_blocked, id=3168, stack(0x0000000609300000,0x0000000609400000)]
  0x0000017bfecd8050 JavaThread "Sweeper thread" daemon [_thread_blocked, id=8188, stack(0x0000000609400000,0x0000000609500000)]
  0x0000017bff87e430 JavaThread "Common-Cleaner" daemon [_thread_blocked, id=15064, stack(0x0000000609500000,0x0000000609600000)]
  0x0000017bff97c160 JavaThread "Notification Thread" daemon [_thread_blocked, id=12208, stack(0x0000000609600000,0x0000000609700000)]
  0x0000017b912aefe0 JavaThread "RMI TCP Accept-0" daemon [_thread_in_native, id=7748, stack(0x0000000609700000,0x0000000609800000)]
  0x0000017b91291ea0 JavaThread "RMI TCP Accept-33634" daemon [_thread_in_native, id=12404, stack(0x0000000609800000,0x0000000609900000)]
  0x0000017b912923c0 JavaThread "RMI TCP Connection(idle)" daemon [_thread_blocked, id=3312, stack(0x0000000609900000,0x0000000609a00000)]
  0x0000017b912fecb0 JavaThread "RMI Scheduler(0)" daemon [_thread_blocked, id=1368, stack(0x0000000609a00000,0x0000000609b00000)]
  0x0000017b91323680 JavaThread "RMI TCP Accept-0" daemon [_thread_in_native, id=10508, stack(0x0000000609b00000,0x0000000609c00000)]
  0x0000017b9142e1f0 JavaThread "RMI TCP Connection(2)-127.0.0.1" daemon [_thread_in_native, id=2948, stack(0x000000060a200000,0x000000060a300000)]
  0x0000017b91694540 JavaThread "JMX server connection timeout 21" daemon [_thread_blocked, id=14520, stack(0x000000060a300000,0x000000060a400000)]
  0x0000017b916c1b20 JavaThread "Thread-0" [_thread_blocked, id=14528, stack(0x000000060a400000,0x000000060a500000)]
=>0x0000017b916f49c0 JavaThread "restartedMain" [_thread_in_vm, id=15124, stack(0x000000060a500000,0x000000060a600000)]
  0x0000017b916f4470 JavaThread "Catalina-utility-1" [_thread_blocked, id=14636, stack(0x000000060a600000,0x000000060a700000)]
  0x0000017b916f6450 JavaThread "Catalina-utility-2" [_thread_blocked, id=640, stack(0x000000060a700000,0x000000060a800000)]
  0x0000017b916f69a0 JavaThread "container-0" [_thread_blocked, id=2060, stack(0x000000060a800000,0x000000060a900000)]
  0x0000017b916f7990 JavaThread "mysql-cj-abandoned-connection-cleanup" daemon [_thread_blocked, id=6248, stack(0x000000060a900000,0x000000060aa00000)]

Other Threads:
  0x0000017bf8dee920 VMThread "VM Thread" [stack: 0x0000000608c00000,0x0000000608d00000] [id=9848]
  0x0000017b912acce0 WatcherThread [stack: 0x0000000609c00000,0x0000000609d00000] [id=1416]
  0x0000017bf8d52860 GCTaskThread "GC Thread#0" [stack: 0x0000000608700000,0x0000000608800000] [id=3924]
  0x0000017b91331fb0 GCTaskThread "GC Thread#1" [stack: 0x0000000609d00000,0x0000000609e00000] [id=14980]
  0x0000017b91385bd0 GCTaskThread "GC Thread#2" [stack: 0x0000000609e00000,0x0000000609f00000] [id=2312]
  0x0000017b91378220 GCTaskThread "GC Thread#3" [stack: 0x0000000609f00000,0x000000060a000000] [id=13140]
  0x0000017bf8d5c480 ConcurrentGCThread "G1 Main Marker" [stack: 0x0000000608800000,0x0000000608900000] [id=10404]
  0x0000017bf8d5ce00 ConcurrentGCThread "G1 Conc#0" [stack: 0x0000000608900000,0x0000000608a00000] [id=14492]
  0x0000017bf8daa550 ConcurrentGCThread "G1 Refine#0" [stack: 0x0000000608a00000,0x0000000608b00000] [id=14176]
  0x0000017b91378530 ConcurrentGCThread "G1 Refine#1" [stack: 0x000000060a000000,0x000000060a100000] [id=4336]
  0x0000017bff9b4410 ConcurrentGCThread "G1 Refine#2" [stack: 0x000000060a100000,0x000000060a200000] [id=2932]
  0x0000017bf8daaee0 ConcurrentGCThread "G1 Service" [stack: 0x0000000608b00000,0x0000000608c00000] [id=1276]

Threads with active compile tasks:

VM state: not at safepoint (normal execution)

VM Mutex/Monitor currently owned by a thread:  ([mutex/lock_event])
[0x0000017bf8d1aac0] MetaspaceExpand_lock - owner thread: 0x0000017b916f49c0

Heap address: 0x00000000c1e00000, size: 994 MB, Compressed Oops mode: 32-bit

CDS disabled.
Compressed class space mapped at: 0x0000000100000000-0x0000000140000000, reserved size: 1073741824
Narrow klass base: 0x0000000000000000, Narrow klass shift: 3, Narrow klass range: 0x140000000

GC Precious Log:
 CPUs: 4 total, 4 available
 Memory: 3969M
 Large Page Support: Disabled
 NUMA Support: Disabled
 Compressed Oops: Enabled (32-bit)
 Heap Region Size: 1M
 Heap Min Capacity: 8M
 Heap Initial Capacity: 64M
 Heap Max Capacity: 994M
 Pre-touch: Disabled
 Parallel Workers: 4
 Concurrent Workers: 1
 Concurrent Refinement Workers: 4
 Periodic GC: Disabled

Heap:
 garbage-first heap   total 61440K, used 40118K [0x00000000c1e00000, 0x0000000100000000)
  region size 1024K, 26 young (26624K), 1 survivors (1024K)
 Metaspace       used 39606K, committed 40000K, reserved 1089536K
  class space    used 5034K, committed 5248K, reserved 1048576K

Heap Regions: E=young(eden), S=young(survivor), O=old, HS=humongous(starts), HC=humongous(continues), CS=collection set, F=free, OA=open archive, CA=closed archive, TAMS=top-at-mark-start (previous, next)
|   0|0x00000000c1e00000, 0x00000000c1f00000, 0x00000000c1f00000|100%|HS|  |TAMS 0x00000000c1f00000, 0x00000000c1e00000| Complete 
|   1|0x00000000c1f00000, 0x00000000c2000000, 0x00000000c2000000|100%| O|  |TAMS 0x00000000c2000000, 0x00000000c1f00000| Untracked 
|   2|0x00000000c2000000, 0x00000000c2100000, 0x00000000c2100000|100%| O|  |TAMS 0x00000000c2100000, 0x00000000c2000000| Untracked 
|   3|0x00000000c2100000, 0x00000000c2200000, 0x00000000c2200000|100%| O|  |TAMS 0x00000000c2200000, 0x00000000c2100000| Untracked 
|   4|0x00000000c2200000, 0x00000000c2300000, 0x00000000c2300000|100%| O|  |TAMS 0x00000000c2300000, 0x00000000c2200000| Untracked 
|   5|0x00000000c2300000, 0x00000000c2400000, 0x00000000c2400000|100%| O|  |TAMS 0x00000000c2400000, 0x00000000c2300000| Untracked 
|   6|0x00000000c2400000, 0x00000000c244ec00, 0x00000000c2500000| 30%| O|  |TAMS 0x00000000c244ec00, 0x00000000c2400000| Untracked 
|   7|0x00000000c2500000, 0x00000000c2600000, 0x00000000c2600000|100%| O|  |TAMS 0x00000000c2600000, 0x00000000c2500000| Untracked 
|   8|0x00000000c2600000, 0x00000000c2700000, 0x00000000c2700000|100%| O|  |TAMS 0x00000000c2700000, 0x00000000c2600000| Untracked 
|   9|0x00000000c2700000, 0x00000000c2800000, 0x00000000c2800000|100%| O|  |TAMS 0x00000000c2800000, 0x00000000c2700000| Untracked 
|  10|0x00000000c2800000, 0x00000000c2900000, 0x00000000c2900000|100%| O|  |TAMS 0x00000000c2900000, 0x00000000c2800000| Untracked 
|  11|0x00000000c2900000, 0x00000000c2a00000, 0x00000000c2a00000|100%| O|  |TAMS 0x00000000c2a00000, 0x00000000c2900000| Untracked 
|  12|0x00000000c2a00000, 0x00000000c2b00000, 0x00000000c2b00000|100%| O|  |TAMS 0x00000000c2b00000, 0x00000000c2a00000| Untracked 
|  13|0x00000000c2b00000, 0x00000000c2c00000, 0x00000000c2c00000|100%| O|  |TAMS 0x00000000c2c00000, 0x00000000c2b00000| Untracked 
|  14|0x00000000c2c00000, 0x00000000c2c58800, 0x00000000c2d00000| 34%| O|  |TAMS 0x00000000c2c58800, 0x00000000c2c00000| Untracked 
|  15|0x00000000c2d00000, 0x00000000c2d00000, 0x00000000c2e00000|  0%| F|  |TAMS 0x00000000c2d00000, 0x00000000c2d00000| Untracked 
|  16|0x00000000c2e00000, 0x00000000c2e00000, 0x00000000c2f00000|  0%| F|  |TAMS 0x00000000c2e00000, 0x00000000c2e00000| Untracked 
|  17|0x00000000c2f00000, 0x00000000c2f00000, 0x00000000c3000000|  0%| F|  |TAMS 0x00000000c2f00000, 0x00000000c2f00000| Untracked 
|  18|0x00000000c3000000, 0x00000000c3000000, 0x00000000c3100000|  0%| F|  |TAMS 0x00000000c3000000, 0x00000000c3000000| Untracked 
|  19|0x00000000c3100000, 0x00000000c3100000, 0x00000000c3200000|  0%| F|  |TAMS 0x00000000c3100000, 0x00000000c3100000| Untracked 
|  20|0x00000000c3200000, 0x00000000c3200000, 0x00000000c3300000|  0%| F|  |TAMS 0x00000000c3200000, 0x00000000c3200000| Untracked 
|  21|0x00000000c3300000, 0x00000000c3300000, 0x00000000c3400000|  0%| F|  |TAMS 0x00000000c3300000, 0x00000000c3300000| Untracked 
|  22|0x00000000c3400000, 0x00000000c3400000, 0x00000000c3500000|  0%| F|  |TAMS 0x00000000c3400000, 0x00000000c3400000| Untracked 
|  23|0x00000000c3500000, 0x00000000c3500000, 0x00000000c3600000|  0%| F|  |TAMS 0x00000000c3500000, 0x00000000c3500000| Untracked 
|  24|0x00000000c3600000, 0x00000000c3600000, 0x00000000c3700000|  0%| F|  |TAMS 0x00000000c3600000, 0x00000000c3600000| Untracked 
|  25|0x00000000c3700000, 0x00000000c3700000, 0x00000000c3800000|  0%| F|  |TAMS 0x00000000c3700000, 0x00000000c3700000| Untracked 
|  26|0x00000000c3800000, 0x00000000c3800000, 0x00000000c3900000|  0%| F|  |TAMS 0x00000000c3800000, 0x00000000c3800000| Untracked 
|  27|0x00000000c3900000, 0x00000000c3900000, 0x00000000c3a00000|  0%| F|  |TAMS 0x00000000c3900000, 0x00000000c3900000| Untracked 
|  28|0x00000000c3a00000, 0x00000000c3a00000, 0x00000000c3b00000|  0%| F|  |TAMS 0x00000000c3a00000, 0x00000000c3a00000| Untracked 
|  29|0x00000000c3b00000, 0x00000000c3b00000, 0x00000000c3c00000|  0%| F|  |TAMS 0x00000000c3b00000, 0x00000000c3b00000| Untracked 
|  30|0x00000000c3c00000, 0x00000000c3c00000, 0x00000000c3d00000|  0%| F|  |TAMS 0x00000000c3c00000, 0x00000000c3c00000| Untracked 
|  31|0x00000000c3d00000, 0x00000000c3d00000, 0x00000000c3e00000|  0%| F|  |TAMS 0x00000000c3d00000, 0x00000000c3d00000| Untracked 
|  32|0x00000000c3e00000, 0x00000000c3e00000, 0x00000000c3f00000|  0%| F|  |TAMS 0x00000000c3e00000, 0x00000000c3e00000| Untracked 
|  33|0x00000000c3f00000, 0x00000000c3f1fd48, 0x00000000c4000000| 12%| E|  |TAMS 0x00000000c3f00000, 0x00000000c3f00000| Complete 
|  34|0x00000000c4000000, 0x00000000c4100000, 0x00000000c4100000|100%| E|CS|TAMS 0x00000000c4000000, 0x00000000c4000000| Complete 
|  35|0x00000000c4100000, 0x00000000c4200000, 0x00000000c4200000|100%| E|CS|TAMS 0x00000000c4100000, 0x00000000c4100000| Complete 
|  36|0x00000000c4200000, 0x00000000c4300000, 0x00000000c4300000|100%| E|CS|TAMS 0x00000000c4200000, 0x00000000c4200000| Complete 
|  37|0x00000000c4300000, 0x00000000c4400000, 0x00000000c4400000|100%| E|CS|TAMS 0x00000000c4300000, 0x00000000c4300000| Complete 
|  38|0x00000000c4400000, 0x00000000c4500000, 0x00000000c4500000|100%| E|CS|TAMS 0x00000000c4400000, 0x00000000c4400000| Complete 
|  39|0x00000000c4500000, 0x00000000c4600000, 0x00000000c4600000|100%| E|CS|TAMS 0x00000000c4500000, 0x00000000c4500000| Complete 
|  40|0x00000000c4600000, 0x00000000c4700000, 0x00000000c4700000|100%| E|CS|TAMS 0x00000000c4600000, 0x00000000c4600000| Complete 
|  41|0x00000000c4700000, 0x00000000c4800000, 0x00000000c4800000|100%| E|CS|TAMS 0x00000000c4700000, 0x00000000c4700000| Complete 
|  42|0x00000000c4800000, 0x00000000c4900000, 0x00000000c4900000|100%| E|CS|TAMS 0x00000000c4800000, 0x00000000c4800000| Complete 
|  43|0x00000000c4900000, 0x00000000c4a00000, 0x00000000c4a00000|100%| E|CS|TAMS 0x00000000c4900000, 0x00000000c4900000| Complete 
|  44|0x00000000c4a00000, 0x00000000c4b00000, 0x00000000c4b00000|100%| E|CS|TAMS 0x00000000c4a00000, 0x00000000c4a00000| Complete 
|  45|0x00000000c4b00000, 0x00000000c4c00000, 0x00000000c4c00000|100%| E|CS|TAMS 0x00000000c4b00000, 0x00000000c4b00000| Complete 
|  46|0x00000000c4c00000, 0x00000000c4d00000, 0x00000000c4d00000|100%| E|CS|TAMS 0x00000000c4c00000, 0x00000000c4c00000| Complete 
|  47|0x00000000c4d00000, 0x00000000c4e00000, 0x00000000c4e00000|100%| E|CS|TAMS 0x00000000c4d00000, 0x00000000c4d00000| Complete 
|  48|0x00000000c4e00000, 0x00000000c4f00000, 0x00000000c4f00000|100%| E|CS|TAMS 0x00000000c4e00000, 0x00000000c4e00000| Complete 
|  49|0x00000000c4f00000, 0x00000000c5000000, 0x00000000c5000000|100%| E|CS|TAMS 0x00000000c4f00000, 0x00000000c4f00000| Complete 
|  50|0x00000000c5000000, 0x00000000c5100000, 0x00000000c5100000|100%| E|CS|TAMS 0x00000000c5000000, 0x00000000c5000000| Complete 
|  51|0x00000000c5100000, 0x00000000c5200000, 0x00000000c5200000|100%| E|CS|TAMS 0x00000000c5100000, 0x00000000c5100000| Complete 
|  52|0x00000000c5200000, 0x00000000c5300000, 0x00000000c5300000|100%| E|CS|TAMS 0x00000000c5200000, 0x00000000c5200000| Complete 
|  53|0x00000000c5300000, 0x00000000c5400000, 0x00000000c5400000|100%| E|CS|TAMS 0x00000000c5300000, 0x00000000c5300000| Complete 
|  54|0x00000000c5400000, 0x00000000c5500000, 0x00000000c5500000|100%| E|CS|TAMS 0x00000000c5400000, 0x00000000c5400000| Complete 
|  55|0x00000000c5500000, 0x00000000c5600000, 0x00000000c5600000|100%| E|CS|TAMS 0x00000000c5500000, 0x00000000c5500000| Complete 
|  56|0x00000000c5600000, 0x00000000c5700000, 0x00000000c5700000|100%| E|CS|TAMS 0x00000000c5600000, 0x00000000c5600000| Complete 
|  62|0x00000000c5c00000, 0x00000000c5c86470, 0x00000000c5d00000| 52%| S|CS|TAMS 0x00000000c5c00000, 0x00000000c5c00000| Complete 
| 100|0x00000000c8200000, 0x00000000c8300000, 0x00000000c8300000|100%| E|CS|TAMS 0x00000000c8200000, 0x00000000c8200000| Complete 
| 993|0x00000000fff00000, 0x0000000100000000, 0x0000000100000000|100%| O|  |TAMS 0x0000000100000000, 0x00000000fff00000| Untracked 

Card table byte_map: [0x0000017bfc490000,0x0000017bfc690000] _byte_map_base: 0x0000017bfbe81000

Marking Bits (Prev, Next): (CMBitMap*) 0x0000017bf8d52e60, (CMBitMap*) 0x0000017bf8d52ea0
 Prev Bits: [0x0000017bfc890000, 0x0000017bfd818000)
 Next Bits: [0x0000017bfd820000, 0x0000017bfe7a8000)

Polling page: 0x0000017bf84f0000

Metaspace:

Usage:
  Non-class:     33.76 MB used.
      Class:      4.92 MB used.
       Both:     38.68 MB used.

Virtual space:
  Non-class space:       40.00 MB reserved,      33.94 MB ( 85%) committed,  5 nodes.
      Class space:        1.00 GB reserved,       5.12 MB ( <1%) committed,  1 nodes.
              Both:        1.04 GB reserved,      39.06 MB (  4%) committed. 

Chunk freelists:
   Non-Class:  2.05 MB
       Class:  2.78 MB
        Both:  4.83 MB

MaxMetaspaceSize: 17179869184.00 GB
CompressedClassSpaceSize: 1.00 GB
 - commit_granule_bytes: 65536.
 - commit_granule_words: 8192.
 - virtual_space_node_default_size: 1048576.
 - enlarge_chunks_in_place: 1.
 - new_chunks_are_fully_committed: 0.
 - uncommit_free_chunks: 1.
 - use_allocation_guard: 0.
 - handle_deallocations: 1.


Internal statistics:

num_allocs_failed_limit: 8.
num_arena_births: 432.
num_arena_deaths: 0.
num_vsnodes_births: 6.
num_vsnodes_deaths: 0.
num_space_committed: 625.
num_space_uncommitted: 0.
num_chunks_returned_to_freelist: 8.
num_chunks_taken_from_freelist: 1532.
num_chunk_merges: 3.
num_chunk_splits: 1034.
num_chunks_enlarged: 770.
num_purges: 0.

CodeHeap 'non-profiled nmethods': size=238912Kb used=5894Kb max_used=5894Kb free=233017Kb
 bounds [0x0000017b806b0000, 0x0000017b80c80000, 0x0000017b8f000000]
CodeHeap 'non-nmethods': size=6848Kb used=1188Kb max_used=1188Kb free=5659Kb
 bounds [0x0000017b80000000, 0x0000017b80270000, 0x0000017b806b0000]
 total_blobs=4195 nmethods=3713 adapters=409
 compilation: enabled
              stopped_count=0, restarted_count=0
 full_count=0

Compilation events (20 events):
Event: 312.864 Thread 0x0000017bfeca3fb0 3700       1       java.lang.invoke.DirectMethodHandle$Holder::invokeStatic (17 bytes)
Event: 312.864 Thread 0x0000017bfeca3fb0 nmethod 3700 0x0000017b80c6ba10 code [0x0000017b80c6bbc0, 0x0000017b80c6bcd8]
Event: 312.864 Thread 0x0000017bfeca3fb0 3701       1       java.lang.StringConcatHelper::mix (11 bytes)
Event: 312.865 Thread 0x0000017bfeca3fb0 nmethod 3701 0x0000017b80c6be10 code [0x0000017b80c6bfc0, 0x0000017b80c6c138]
Event: 312.865 Thread 0x0000017bfeca3fb0 3702       1       java.lang.invoke.LambdaForm$MH/0x0000000100190400::invoke (32 bytes)
Event: 312.865 Thread 0x0000017bfeca3fb0 nmethod 3702 0x0000017b80c6c210 code [0x0000017b80c6c3c0, 0x0000017b80c6c518]
Event: 312.865 Thread 0x0000017bfeca3fb0 3703       1       java.lang.invoke.DirectMethodHandle$Holder::invokeStatic (21 bytes)
Event: 312.866 Thread 0x0000017bfeca3fb0 nmethod 3703 0x0000017b80c6c610 code [0x0000017b80c6c7c0, 0x0000017b80c6c8d8]
Event: 313.418 Thread 0x0000017bfeca3fb0 3704       1       sun.rmi.server.UnicastRef::unmarshalValue (191 bytes)
Event: 313.422 Thread 0x0000017bfeca3fb0 nmethod 3704 0x0000017b80c6ca10 code [0x0000017b80c6cdc0, 0x0000017b80c6dc78]
Event: 313.422 Thread 0x0000017bfeca3fb0 3705       1       com.sun.jmx.remote.internal.ServerCommunicatorAdmin::logtime (16 bytes)
Event: 313.424 Thread 0x0000017bfeca3fb0 nmethod 3705 0x0000017b80c6e610 code [0x0000017b80c6e840, 0x0000017b80c6ebe8]
Event: 313.424 Thread 0x0000017bfeca3fb0 3706       1       java.lang.invoke.LambdaForm$MH/0x0000000100193400::linkToTargetMethod (10 bytes)
Event: 313.424 Thread 0x0000017bfeca3fb0 nmethod 3706 0x0000017b80c6f090 code [0x0000017b80c6f240, 0x0000017b80c6f358]
Event: 313.424 Thread 0x0000017bfeca3fb0 3707       1       java.lang.invoke.LambdaForm$MH/0x0000000100193000::invoke (139 bytes)
Event: 313.425 Thread 0x0000017bfeca3fb0 nmethod 3707 0x0000017b80c6f410 code [0x0000017b80c6f620, 0x0000017b80c6f9f8]
Event: 313.425 Thread 0x0000017bfeca3fb0 3708       1       com.sun.jmx.remote.util.ClassLogger::trace (14 bytes)
Event: 313.425 Thread 0x0000017bfeca3fb0 nmethod 3708 0x0000017b80c6fe10 code [0x0000017b80c6ffc0, 0x0000017b80c700a8]
Event: 313.426 Thread 0x0000017bfeca3fb0 3709       1       java.io.ObjectOutputStream$HandleTable::growEntries (58 bytes)
Event: 313.426 Thread 0x0000017bfeca3fb0 nmethod 3709 0x0000017b80c70110 code [0x0000017b80c702e0, 0x0000017b80c706f8]

GC Heap History (20 events):
Event: 270.044 GC heap before
{Heap before GC invocations=6 (full 0):
 garbage-first heap   total 37888K, used 35975K [0x00000000c1e00000, 0x0000000100000000)
  region size 1024K, 30 young (30720K), 3 survivors (3072K)
 Metaspace       used 26409K, committed 26752K, reserved 1073152K
  class space    used 3117K, committed 3264K, reserved 1048576K
}
Event: 270.058 GC heap after
{Heap after GC invocations=7 (full 0):
 garbage-first heap   total 43008K, used 10685K [0x00000000c1e00000, 0x0000000100000000)
  region size 1024K, 4 young (4096K), 4 survivors (4096K)
 Metaspace       used 26409K, committed 26752K, reserved 1073152K
  class space    used 3117K, committed 3264K, reserved 1048576K
}
Event: 270.063 GC heap before
{Heap before GC invocations=7 (full 0):
 garbage-first heap   total 43008K, used 28093K [0x00000000c1e00000, 0x0000000100000000)
  region size 1024K, 22 young (22528K), 4 survivors (4096K)
 Metaspace       used 26409K, committed 26752K, reserved 1073152K
  class space    used 3117K, committed 3264K, reserved 1048576K
}
Event: 270.068 GC heap after
{Heap after GC invocations=8 (full 0):
 garbage-first heap   total 43008K, used 10584K [0x00000000c1e00000, 0x0000000100000000)
  region size 1024K, 2 young (2048K), 2 survivors (2048K)
 Metaspace       used 26409K, committed 26752K, reserved 1073152K
  class space    used 3117K, committed 3264K, reserved 1048576K
}
Event: 271.345 GC heap before
{Heap before GC invocations=8 (full 0):
 garbage-first heap   total 43008K, used 30040K [0x00000000c1e00000, 0x0000000100000000)
  region size 1024K, 22 young (22528K), 2 survivors (2048K)
 Metaspace       used 27046K, committed 27328K, reserved 1073152K
  class space    used 3184K, committed 3328K, reserved 1048576K
}
Event: 271.348 GC heap after
{Heap after GC invocations=9 (full 0):
 garbage-first heap   total 43008K, used 10907K [0x00000000c1e00000, 0x0000000100000000)
  region size 1024K, 2 young (2048K), 2 survivors (2048K)
 Metaspace       used 27046K, committed 27328K, reserved 1073152K
  class space    used 3184K, committed 3328K, reserved 1048576K
}
Event: 272.887 GC heap before
{Heap before GC invocations=9 (full 0):
 garbage-first heap   total 43008K, used 31387K [0x00000000c1e00000, 0x0000000100000000)
  region size 1024K, 22 young (22528K), 2 survivors (2048K)
 Metaspace       used 28173K, committed 28480K, reserved 1081344K
  class space    used 3362K, committed 3520K, reserved 1048576K
}
Event: 272.890 GC heap after
{Heap after GC invocations=10 (full 0):
 garbage-first heap   total 43008K, used 11641K [0x00000000c1e00000, 0x0000000100000000)
  region size 1024K, 2 young (2048K), 2 survivors (2048K)
 Metaspace       used 28173K, committed 28480K, reserved 1081344K
  class space    used 3362K, committed 3520K, reserved 1048576K
}
Event: 277.354 GC heap before
{Heap before GC invocations=10 (full 0):
 garbage-first heap   total 43008K, used 31097K [0x00000000c1e00000, 0x0000000100000000)
  region size 1024K, 22 young (22528K), 2 survivors (2048K)
 Metaspace       used 31161K, committed 31552K, reserved 1081344K
  class space    used 3811K, committed 3968K, reserved 1048576K
}
Event: 277.359 GC heap after
{Heap after GC invocations=11 (full 0):
 garbage-first heap   total 43008K, used 13068K [0x00000000c1e00000, 0x0000000100000000)
  region size 1024K, 3 young (3072K), 3 survivors (3072K)
 Metaspace       used 31161K, committed 31552K, reserved 1081344K
  class space    used 3811K, committed 3968K, reserved 1048576K
}
Event: 285.170 GC heap before
{Heap before GC invocations=11 (full 0):
 garbage-first heap   total 43008K, used 31500K [0x00000000c1e00000, 0x0000000100000000)
  region size 1024K, 22 young (22528K), 3 survivors (3072K)
 Metaspace       used 34139K, committed 34496K, reserved 1081344K
  class space    used 4256K, committed 4416K, reserved 1048576K
}
Event: 285.186 GC heap after
{Heap after GC invocations=12 (full 0):
 garbage-first heap   total 43008K, used 14872K [0x00000000c1e00000, 0x0000000100000000)
  region size 1024K, 3 young (3072K), 3 survivors (3072K)
 Metaspace       used 34139K, committed 34496K, reserved 1081344K
  class space    used 4256K, committed 4416K, reserved 1048576K
}
Event: 285.615 GC heap before
{Heap before GC invocations=12 (full 0):
 garbage-first heap   total 43008K, used 30232K [0x00000000c1e00000, 0x0000000100000000)
  region size 1024K, 19 young (19456K), 3 survivors (3072K)
 Metaspace       used 34454K, committed 34752K, reserved 1081344K
  class space    used 4287K, committed 4416K, reserved 1048576K
}
Event: 285.619 GC heap after
{Heap after GC invocations=13 (full 0):
 garbage-first heap   total 43008K, used 15580K [0x00000000c1e00000, 0x0000000100000000)
  region size 1024K, 1 young (1024K), 1 survivors (1024K)
 Metaspace       used 34454K, committed 34752K, reserved 1081344K
  class space    used 4287K, committed 4416K, reserved 1048576K
}
Event: 285.622 GC heap before
{Heap before GC invocations=13 (full 0):
 garbage-first heap   total 43008K, used 30940K [0x00000000c1e00000, 0x0000000100000000)
  region size 1024K, 17 young (17408K), 1 survivors (1024K)
 Metaspace       used 34454K, committed 34752K, reserved 1081344K
  class space    used 4287K, committed 4416K, reserved 1048576K
}
Event: 285.623 GC heap after
{Heap after GC invocations=14 (full 0):
 garbage-first heap   total 43008K, used 15279K [0x00000000c1e00000, 0x0000000100000000)
  region size 1024K, 1 young (1024K), 1 survivors (1024K)
 Metaspace       used 34454K, committed 34752K, reserved 1081344K
  class space    used 4287K, committed 4416K, reserved 1048576K
}
Event: 286.622 GC heap before
{Heap before GC invocations=14 (full 0):
 garbage-first heap   total 43008K, used 31663K [0x00000000c1e00000, 0x0000000100000000)
  region size 1024K, 18 young (18432K), 1 survivors (1024K)
 Metaspace       used 34964K, committed 35328K, reserved 1081344K
  class space    used 4330K, committed 4480K, reserved 1048576K
}
Event: 286.685 GC heap after
{Heap after GC invocations=15 (full 0):
 garbage-first heap   total 104448K, used 15495K [0x00000000c1e00000, 0x0000000100000000)
  region size 1024K, 1 young (1024K), 1 survivors (1024K)
 Metaspace       used 34964K, committed 35328K, reserved 1081344K
  class space    used 4330K, committed 4480K, reserved 1048576K
}
Event: 287.475 GC heap before
{Heap before GC invocations=15 (full 0):
 garbage-first heap   total 104448K, used 52359K [0x00000000c1e00000, 0x0000000100000000)
  region size 1024K, 39 young (39936K), 1 survivors (1024K)
 Metaspace       used 35317K, committed 35648K, reserved 1081344K
  class space    used 4384K, committed 4544K, reserved 1048576K
}
Event: 287.477 GC heap after
{Heap after GC invocations=16 (full 0):
 garbage-first heap   total 104448K, used 15542K [0x00000000c1e00000, 0x0000000100000000)
  region size 1024K, 1 young (1024K), 1 survivors (1024K)
 Metaspace       used 35317K, committed 35648K, reserved 1081344K
  class space    used 4384K, committed 4544K, reserved 1048576K
}

Deoptimization events (2 events):
Event: 275.150 Thread 0x0000017b916f49c0 DEOPT PACKING pc=0x0000017b809aacbc sp=0x000000060a5fc8e0
Event: 275.150 Thread 0x0000017b916f49c0 DEOPT UNPACKING pc=0x0000017b8004dece sp=0x000000060a5fbe38 mode 0

Classes unloaded (0 events):
No events

Classes redefined (0 events):
No events

Internal exceptions (20 events):
Event: 277.470 Thread 0x0000017b916f49c0 Exception <a 'java/lang/ClassNotFoundException'{0x00000000c4e6d8e0}: org/springframework/aop/framework/AopInfrastructureBeanCustomizer> (0x00000000c4e6d8e0) 
thrown [t:\workspace\open\src\hotspot\share\classfile\systemDictionary.cpp, line 256]
Event: 278.091 Thread 0x0000017b916f49c0 Exception <a 'java/lang/ClassNotFoundException'{0x00000000c4d5ded0}: java/lang/ObjectCustomizer> (0x00000000c4d5ded0) 
thrown [t:\workspace\open\src\hotspot\share\classfile\systemDictionary.cpp, line 256]
Event: 278.093 Thread 0x0000017b916f49c0 Exception <a 'java/lang/ClassNotFoundException'{0x00000000c4d67750}: org/springframework/transaction/annotation/AbstractTransactionManagementConfigurationCustomizer> (0x00000000c4d67750) 
thrown [t:\workspace\open\src\hotspot\share\classfile\systemDictionary.cpp, line 256]
Event: 278.096 Thread 0x0000017b916f49c0 Exception <a 'java/lang/ClassNotFoundException'{0x00000000c4d6faa0}: org/springframework/transaction/annotation/ProxyTransactionManagementConfigurationCustomizer> (0x00000000c4d6faa0) 
thrown [t:\workspace\open\src\hotspot\share\classfile\systemDictionary.cpp, line 256]
Event: 278.098 Thread 0x0000017b916f49c0 Exception <a 'java/lang/ClassNotFoundException'{0x00000000c4d79310}: org/springframework/context/annotation/ImportAwareCustomizer> (0x00000000c4d79310) 
thrown [t:\workspace\open\src\hotspot\share\classfile\systemDictionary.cpp, line 256]
Event: 278.100 Thread 0x0000017b916f49c0 Exception <a 'java/lang/ClassNotFoundException'{0x00000000c4d7fb68}: org/springframework/beans/factory/AwareCustomizer> (0x00000000c4d7fb68) 
thrown [t:\workspace\open\src\hotspot\share\classfile\systemDictionary.cpp, line 256]
Event: 280.958 Thread 0x0000017b916f49c0 Exception <a 'java/lang/NoSuchMethodError'{0x00000000c416c150}: 'java.lang.Object java.lang.invoke.DirectMethodHandle$Holder.invokeSpecialIFC(java.lang.Object, java.lang.Object, java.lang.Object)'> (0x00000000c416c150) 
thrown [t:\workspace\open\src\hotspot\share\interpreter\linkResolver.cpp, line 790]
Event: 282.155 Thread 0x0000017b916f49c0 Exception <a 'java/lang/NoSuchMethodError'{0x00000000c40d4500}: 'int java.lang.invoke.DirectMethodHandle$Holder.invokeSpecial(java.lang.Object, java.lang.Object, java.lang.Object, java.lang.Object, java.lang.Object)'> (0x00000000c40d4500) 
thrown [t:\workspace\open\src\hotspot\share\interpreter\linkResolver.cpp, line 790]
Event: 282.610 Thread 0x0000017b916f49c0 Exception <a 'java/lang/NoSuchMethodError'{0x00000000c3dfebf8}: 'void java.lang.invoke.DirectMethodHandle$Holder.invokeInterface(java.lang.Object, java.lang.Object, int)'> (0x00000000c3dfebf8) 
thrown [t:\workspace\open\src\hotspot\share\interpreter\linkResolver.cpp, line 790]
Event: 282.617 Thread 0x0000017b916f49c0 Exception <a 'java/lang/IncompatibleClassChangeError'{0x00000000c3c57680}: Found class java.lang.Object, but interface was expected> (0x00000000c3c57680) 
thrown [t:\workspace\open\src\hotspot\share\interpreter\linkResolver.cpp, line 857]
Event: 282.618 Thread 0x0000017b916f49c0 Exception <a 'java/lang/NoSuchMethodError'{0x00000000c3c5cd88}: 'void java.lang.invoke.DirectMethodHandle$Holder.invokeStatic(java.lang.Object, int, java.lang.Object)'> (0x00000000c3c5cd88) 
thrown [t:\workspace\open\src\hotspot\share\interpreter\linkResolver.cpp, line 790]
Event: 282.621 Thread 0x0000017b916f49c0 Exception <a 'java/lang/NoSuchMethodError'{0x00000000c3c8d3c0}: 'int java.lang.invoke.DirectMethodHandle$Holder.invokeSpecial(java.lang.Object, java.lang.Object, int)'> (0x00000000c3c8d3c0) 
thrown [t:\workspace\open\src\hotspot\share\interpreter\linkResolver.cpp, line 790]
Event: 285.716 Thread 0x0000017b916f49c0 Exception <a 'sun/nio/fs/WindowsException'{0x00000000c3d92bb0}> (0x00000000c3d92bb0) 
thrown [t:\workspace\open\src\hotspot\share\prims\jni.cpp, line 579]
Event: 285.717 Thread 0x0000017b916f49c0 Exception <a 'sun/nio/fs/WindowsException'{0x00000000c3d98a10}> (0x00000000c3d98a10) 
thrown [t:\workspace\open\src\hotspot\share\prims\jni.cpp, line 579]
Event: 285.717 Thread 0x0000017b916f49c0 Exception <a 'sun/nio/fs/WindowsException'{0x00000000c3d98d08}> (0x00000000c3d98d08) 
thrown [t:\workspace\open\src\hotspot\share\prims\jni.cpp, line 579]
Event: 285.718 Thread 0x0000017b916f49c0 Exception <a 'sun/nio/fs/WindowsException'{0x00000000c3d99d98}> (0x00000000c3d99d98) 
thrown [t:\workspace\open\src\hotspot\share\prims\jni.cpp, line 579]
Event: 285.718 Thread 0x0000017b916f49c0 Exception <a 'sun/nio/fs/WindowsException'{0x00000000c3d9a0f8}> (0x00000000c3d9a0f8) 
thrown [t:\workspace\open\src\hotspot\share\prims\jni.cpp, line 579]
Event: 287.179 Thread 0x0000017b916f49c0 Exception <a 'java/io/FileNotFoundException'{0x00000000c60cb510}> (0x00000000c60cb510) 
thrown [t:\workspace\open\src\hotspot\share\prims\jni.cpp, line 579]
Event: 287.411 Thread 0x0000017b916f49c0 Exception <a 'java/lang/NoSuchMethodError'{0x00000000c5e185f0}: 'int java.lang.invoke.DirectMethodHandle$Holder.invokeInterface(java.lang.Object, java.lang.Object, java.lang.Object, java.lang.Object)'> (0x00000000c5e185f0) 
thrown [t:\workspace\open\src\hotspot\share\interpreter\linkResolver.cpp, line 790]
Event: 287.543 Thread 0x0000017b916f49c0 Exception <a 'java/io/FileNotFoundException'{0x00000000c5613aa0}> (0x00000000c5613aa0) 
thrown [t:\workspace\open\src\hotspot\share\prims\jni.cpp, line 579]

Events (20 events):
Event: 298.161 Executing  VM operation: Cleanup
Event: 298.161 Executing  VM operation: Cleanup done
Event: 299.161 Executing  VM operation: Cleanup
Event: 299.161 Executing  VM operation: Cleanup done
Event: 301.541 loading class java/lang/Process
Event: 301.542 loading class java/lang/Process done
Event: 302.174 Executing  VM operation: Cleanup
Event: 302.175 Executing  VM operation: Cleanup done
Event: 303.178 Executing  VM operation: Cleanup
Event: 303.178 Executing  VM operation: Cleanup done
Event: 305.831 loading class java/lang/reflect/GenericSignatureFormatError
Event: 305.831 loading class java/lang/reflect/GenericSignatureFormatError done
Event: 307.193 Executing  VM operation: Cleanup
Event: 307.193 Executing  VM operation: Cleanup done
Event: 308.193 Executing  VM operation: Cleanup
Event: 308.193 Executing  VM operation: Cleanup done
Event: 314.262 Executing  VM operation: Cleanup
Event: 314.262 Executing  VM operation: Cleanup done
Event: 318.289 Executing  VM operation: Cleanup
Event: 318.289 Executing  VM operation: Cleanup done


Dynamic libraries:
0x00007ff72cc90000 - 0x00007ff72cc9e000 	C:\Users\POLAKO\Downloads\sts-4.12.0.RELEASE\plugins\org.eclipse.justj.openjdk.hotspot.jre.full.win32.x86_64_16.0.2.v20210721-1149\jre\bin\javaw.exe
0x00007fffdc230000 - 0x00007fffdc428000 	C:\WINDOWS\SYSTEM32\ntdll.dll
0x00007fffa6ee0000 - 0x00007fffa6ef7000 	C:\Program Files\AVG\Antivirus\aswhook.dll
0x00007fffdb860000 - 0x00007fffdb91d000 	C:\WINDOWS\System32\KERNEL32.DLL
0x00007fffd9c90000 - 0x00007fffd9f62000 	C:\WINDOWS\System32\KERNELBASE.dll
0x00007fffda060000 - 0x00007fffda160000 	C:\WINDOWS\System32\ucrtbase.dll
0x00007fffb0cd0000 - 0x00007fffb0ce8000 	C:\Users\POLAKO\Downloads\sts-4.12.0.RELEASE\plugins\org.eclipse.justj.openjdk.hotspot.jre.full.win32.x86_64_16.0.2.v20210721-1149\jre\bin\jli.dll
0x00007fffdb6c0000 - 0x00007fffdb85d000 	C:\WINDOWS\System32\USER32.dll
0x00007fffd9a30000 - 0x00007fffd9a52000 	C:\WINDOWS\System32\win32u.dll
0x00007fffdc1c0000 - 0x00007fffdc1eb000 	C:\WINDOWS\System32\GDI32.dll
0x00007fffd9ad0000 - 0x00007fffd9bdf000 	C:\WINDOWS\System32\gdi32full.dll
0x00007fffd9f70000 - 0x00007fffda00d000 	C:\WINDOWS\System32\msvcp_win.dll
0x00007fffb0000000 - 0x00007fffb0019000 	C:\Users\POLAKO\Downloads\sts-4.12.0.RELEASE\plugins\org.eclipse.justj.openjdk.hotspot.jre.full.win32.x86_64_16.0.2.v20210721-1149\jre\bin\VCRUNTIME140.dll
0x00007fffc3b00000 - 0x00007fffc3d9a000 	C:\WINDOWS\WinSxS\amd64_microsoft.windows.common-controls_6595b64144ccf1df_6.0.19041.1110_none_60b5254171f9507e\COMCTL32.dll
0x00007fffdb530000 - 0x00007fffdb5ce000 	C:\WINDOWS\System32\msvcrt.dll
0x00007fffdb5d0000 - 0x00007fffdb600000 	C:\WINDOWS\System32\IMM32.DLL
0x00007fffd54a0000 - 0x00007fffd54ac000 	C:\Users\POLAKO\Downloads\sts-4.12.0.RELEASE\plugins\org.eclipse.justj.openjdk.hotspot.jre.full.win32.x86_64_16.0.2.v20210721-1149\jre\bin\vcruntime140_1.dll
0x00007fffaff60000 - 0x00007fffafff1000 	C:\Users\POLAKO\Downloads\sts-4.12.0.RELEASE\plugins\org.eclipse.justj.openjdk.hotspot.jre.full.win32.x86_64_16.0.2.v20210721-1149\jre\bin\msvcp140.dll
0x00007fff762c0000 - 0x00007fff76e6b000 	C:\Users\POLAKO\Downloads\sts-4.12.0.RELEASE\plugins\org.eclipse.justj.openjdk.hotspot.jre.full.win32.x86_64_16.0.2.v20210721-1149\jre\bin\server\jvm.dll
0x00007fffdb610000 - 0x00007fffdb6be000 	C:\WINDOWS\System32\ADVAPI32.dll
0x00007fffdaca0000 - 0x00007fffdad3c000 	C:\WINDOWS\System32\sechost.dll
0x00007fffda7f0000 - 0x00007fffda915000 	C:\WINDOWS\System32\RPCRT4.dll
0x00007fffdaa30000 - 0x00007fffdaa38000 	C:\WINDOWS\System32\PSAPI.DLL
0x00007fffc9930000 - 0x00007fffc9939000 	C:\WINDOWS\SYSTEM32\WSOCK32.dll
0x00007fffdc0f0000 - 0x00007fffdc15b000 	C:\WINDOWS\System32\WS2_32.dll
0x00007fffc4720000 - 0x00007fffc4747000 	C:\WINDOWS\SYSTEM32\WINMM.dll
0x00007fffcec70000 - 0x00007fffcec7a000 	C:\WINDOWS\SYSTEM32\VERSION.dll
0x00007fffd85c0000 - 0x00007fffd85d2000 	C:\WINDOWS\SYSTEM32\kernel.appcore.dll
0x00007fffa82a0000 - 0x00007fffa82aa000 	C:\Users\POLAKO\Downloads\sts-4.12.0.RELEASE\plugins\org.eclipse.justj.openjdk.hotspot.jre.full.win32.x86_64_16.0.2.v20210721-1149\jre\bin\jimage.dll
0x00007fffce300000 - 0x00007fffce4e4000 	C:\WINDOWS\SYSTEM32\DBGHELP.DLL
0x00007fffce2d0000 - 0x00007fffce2fc000 	C:\WINDOWS\SYSTEM32\dbgcore.DLL
0x00007fffda160000 - 0x00007fffda1e2000 	C:\WINDOWS\System32\bcryptPrimitives.dll
0x00007fffa14b0000 - 0x00007fffa14d5000 	C:\Users\POLAKO\Downloads\sts-4.12.0.RELEASE\plugins\org.eclipse.justj.openjdk.hotspot.jre.full.win32.x86_64_16.0.2.v20210721-1149\jre\bin\java.dll
0x00007fffa1490000 - 0x00007fffa14a8000 	C:\Users\POLAKO\Downloads\sts-4.12.0.RELEASE\plugins\org.eclipse.justj.openjdk.hotspot.jre.full.win32.x86_64_16.0.2.v20210721-1149\jre\bin\zip.dll
0x00007fffdb9a0000 - 0x00007fffdc0e3000 	C:\WINDOWS\System32\SHELL32.dll
0x00007fffd78c0000 - 0x00007fffd8051000 	C:\WINDOWS\SYSTEM32\windows.storage.dll
0x00007fffdb120000 - 0x00007fffdb474000 	C:\WINDOWS\System32\combase.dll
0x00007fffd9420000 - 0x00007fffd9450000 	C:\WINDOWS\SYSTEM32\Wldp.dll
0x00007fffdb480000 - 0x00007fffdb52d000 	C:\WINDOWS\System32\SHCORE.dll
0x00007fffda9d0000 - 0x00007fffdaa25000 	C:\WINDOWS\System32\shlwapi.dll
0x00007fffd9970000 - 0x00007fffd998f000 	C:\WINDOWS\SYSTEM32\profapi.dll
0x00007fffa1470000 - 0x00007fffa1489000 	C:\Users\POLAKO\Downloads\sts-4.12.0.RELEASE\plugins\org.eclipse.justj.openjdk.hotspot.jre.full.win32.x86_64_16.0.2.v20210721-1149\jre\bin\net.dll
0x00007fffcdf90000 - 0x00007fffce09d000 	C:\WINDOWS\SYSTEM32\WINHTTP.dll
0x00007fffd9110000 - 0x00007fffd917a000 	C:\WINDOWS\system32\mswsock.dll
0x00007fffa1450000 - 0x00007fffa1463000 	C:\Users\POLAKO\Downloads\sts-4.12.0.RELEASE\plugins\org.eclipse.justj.openjdk.hotspot.jre.full.win32.x86_64_16.0.2.v20210721-1149\jre\bin\nio.dll
0x00007fffb1500000 - 0x00007fffb1509000 	C:\Users\POLAKO\Downloads\sts-4.12.0.RELEASE\plugins\org.eclipse.justj.openjdk.hotspot.jre.full.win32.x86_64_16.0.2.v20210721-1149\jre\bin\management.dll
0x00007fffaff50000 - 0x00007fffaff5b000 	C:\Users\POLAKO\Downloads\sts-4.12.0.RELEASE\plugins\org.eclipse.justj.openjdk.hotspot.jre.full.win32.x86_64_16.0.2.v20210721-1149\jre\bin\management_ext.dll
0x00007fffc0cb0000 - 0x00007fffc0cc7000 	C:\WINDOWS\system32\napinsp.dll
0x00007fffc0c90000 - 0x00007fffc0cab000 	C:\WINDOWS\system32\pnrpnsp.dll
0x00007fffbe110000 - 0x00007fffbe125000 	C:\WINDOWS\system32\wshbth.dll
0x00007fffd52c0000 - 0x00007fffd52dd000 	C:\WINDOWS\system32\NLAapi.dll
0x00007fffd8e00000 - 0x00007fffd8e3b000 	C:\WINDOWS\SYSTEM32\IPHLPAPI.DLL
0x00007fffd8e40000 - 0x00007fffd8f0a000 	C:\WINDOWS\SYSTEM32\DNSAPI.dll
0x00007fffdb600000 - 0x00007fffdb608000 	C:\WINDOWS\System32\NSI.dll
0x00007fffbe0f0000 - 0x00007fffbe102000 	C:\WINDOWS\System32\winrnr.dll
0x0000000055b80000 - 0x0000000055ba6000 	C:\Program Files\Bonjour\mdnsNSP.dll
0x00007fffca160000 - 0x00007fffca16a000 	C:\Windows\System32\rasadhlp.dll
0x00007fffcb630000 - 0x00007fffcb6b0000 	C:\WINDOWS\System32\fwpuclnt.dll
0x00007fffda1f0000 - 0x00007fffda217000 	C:\WINDOWS\System32\bcrypt.dll
0x00007fffd9310000 - 0x00007fffd9328000 	C:\WINDOWS\SYSTEM32\CRYPTSP.dll
0x00007fffd8a30000 - 0x00007fffd8a64000 	C:\WINDOWS\system32\rsaenh.dll
0x00007fffd9930000 - 0x00007fffd995e000 	C:\WINDOWS\SYSTEM32\USERENV.dll
0x00007fffd9300000 - 0x00007fffd930c000 	C:\WINDOWS\SYSTEM32\CRYPTBASE.dll
0x00007fffcee90000 - 0x00007fffceea7000 	C:\WINDOWS\SYSTEM32\dhcpcsvc6.DLL
0x00007fffd0020000 - 0x00007fffd003d000 	C:\WINDOWS\SYSTEM32\dhcpcsvc.DLL
0x00007fffb6fe0000 - 0x00007fffb6ff0000 	C:\Users\POLAKO\Downloads\sts-4.12.0.RELEASE\plugins\org.eclipse.justj.openjdk.hotspot.jre.full.win32.x86_64_16.0.2.v20210721-1149\jre\bin\verify.dll

dbghelp: loaded successfully - version: 4.0.5 - missing functions: none
symbol engine: initialized successfully - sym options: 0x614 - pdb path: .;C:\Users\POLAKO\Downloads\sts-4.12.0.RELEASE\plugins\org.eclipse.justj.openjdk.hotspot.jre.full.win32.x86_64_16.0.2.v20210721-1149\jre\bin;C:\WINDOWS\SYSTEM32;C:\Program Files\AVG\Antivirus;C:\WINDOWS\WinSxS\amd64_microsoft.windows.common-controls_6595b64144ccf1df_6.0.19041.1110_none_60b5254171f9507e;C:\Users\POLAKO\Downloads\sts-4.12.0.RELEASE\plugins\org.eclipse.justj.openjdk.hotspot.jre.full.win32.x86_64_16.0.2.v20210721-1149\jre\bin\server;C:\Program Files\Bonjour

VM Arguments:
jvm_args: -Dcom.sun.management.jmxremote -Dcom.sun.management.jmxremote.port=33634 -Dcom.sun.management.jmxremote.authenticate=false -Dcom.sun.management.jmxremote.ssl=false -Djava.rmi.server.hostname=localhost -Dspring.jmx.enabled=true -Dspring.application.admin.enabled=true -XX:TieredStopAtLevel=1 -Dspring.boot.project.name=gestion-empleados-backend -Dfile.encoding=UTF-8 -XX:+ShowCodeDetailsInExceptionMessages 
java_command: com.gestion.empleados.GestionEmpleadosBackendApplication --spring.output.ansi.enabled=always
java_class_path (initial): C:\Users\POLAKO\Documents\workspace-spring-tool-suite-4-4.12.0.RELEASE\gestion-empleados-backend\target\classes;C:\Users\POLAKO\.m2\repository\org\springframework\boot\spring-boot-starter-data-jpa\2.5.6\spring-boot-starter-data-jpa-2.5.6.jar;C:\Users\POLAKO\.m2\repository\org\springframework\boot\spring-boot-starter-aop\2.5.6\spring-boot-starter-aop-2.5.6.jar;C:\Users\POLAKO\.m2\repository\org\springframework\spring-aop\5.3.12\spring-aop-5.3.12.jar;C:\Users\POLAKO\.m2\repository\org\aspectj\aspectjweaver\1.9.7\aspectjweaver-1.9.7.jar;C:\Users\POLAKO\.m2\repository\org\springframework\boot\spring-boot-starter-jdbc\2.5.6\spring-boot-starter-jdbc-2.5.6.jar;C:\Users\POLAKO\.m2\repository\com\zaxxer\HikariCP\4.0.3\HikariCP-4.0.3.jar;C:\Users\POLAKO\.m2\repository\org\springframework\spring-jdbc\5.3.12\spring-jdbc-5.3.12.jar;C:\Users\POLAKO\.m2\repository\jakarta\transaction\jakarta.transaction-api\1.3.3\jakarta.transaction-api-1.3.3.jar;C:\Users\POLAKO\.m2\repository\jakarta\persistence\jakarta.persistence-api\2.2.3\jakarta.persistence-api-2.2.3.jar;C:\Users\POLAKO\.m2\repository\org\hibernate\hibernate-core\5.4.32.Final\hibernate-core-5.4.32.Final.jar;C:\Users\POLAKO\.m2\repository\org\jboss\logging\jboss-logging\3.4.2.Final\jboss-logging-3.4.2.Final.jar;C:\Users\POLAKO\.m2\repository\org\javassist\javassist\3.27.0-GA\javassist-3.27.0-GA.jar;C:\Users\POLAKO\.m2\repository\net\bytebuddy\byte-buddy\1.10.22\byte-buddy-1.10.22.jar;C:\Users\POLAKO\.m2\repository\antlr\antlr\2.7.7\antlr-2.7.7.jar;C:\Users\POLAKO\.m2\repository\org\jboss\jandex\2.2.3.Final\jandex-2.2.3.Final.jar;C:\Users\POLAKO\.m2\repository\com\fasterxml\classmate\1.5.1\classmate-1.5.1.jar;C:\Users\POLAKO\.m2\repository\org\dom4j\dom4j\2.1.3\dom4j-2.1.3.jar;C:\Users\POLAKO\.m2\repository\org\hibernate\common\hibernate-commons-annotations\5.1.2.Final\hibernate-commons-annotations-5.1.2.Final.jar;C:\Users\POLAKO\.m2\repository\org\glassfish\jaxb\jaxb-runtime\2.3.5\jaxb-runtime-2.3.
Launcher Type: SUN_STANDARD

[Global flags]
     intx CICompilerCount                          = 3                                         {product} {ergonomic}
     uint ConcGCThreads                            = 1                                         {product} {ergonomic}
     uint G1ConcRefinementThreads                  = 4                                         {product} {ergonomic}
   size_t G1HeapRegionSize                         = 1048576                                   {product} {ergonomic}
    uintx GCDrainStackTargetSize                   = 64                                        {product} {ergonomic}
   size_t InitialHeapSize                          = 67108864                                  {product} {ergonomic}
     bool ManagementServer                         = true                                      {product} {command line}
   size_t MarkStackSize                            = 4194304                                   {product} {ergonomic}
   size_t MaxHeapSize                              = 1042284544                                {product} {ergonomic}
   size_t MaxNewSize                               = 624951296                                 {product} {ergonomic}
   size_t MinHeapDeltaBytes                        = 1048576                                   {product} {ergonomic}
   size_t MinHeapSize                              = 8388608                                   {product} {ergonomic}
    uintx NonNMethodCodeHeapSize                   = 6973028                                {pd product} {ergonomic}
    uintx NonProfiledCodeHeapSize                  = 244685212                              {pd product} {ergonomic}
    uintx ProfiledCodeHeapSize                     = 0                                      {pd product} {ergonomic}
    uintx ReservedCodeCacheSize                    = 251658240                              {pd product} {ergonomic}
     bool SegmentedCodeCache                       = true                                      {product} {ergonomic}
     bool ShowCodeDetailsInExceptionMessages       = true                                   {manageable} {command line}
   size_t SoftMaxHeapSize                          = 1042284544                             {manageable} {ergonomic}
     intx TieredStopAtLevel                        = 1                                         {product} {command line}
     bool UseCompressedClassPointers               = true                           {product lp64_product} {ergonomic}
     bool UseCompressedOops                        = true                           {product lp64_product} {ergonomic}
     bool UseG1GC                                  = true                                      {product} {ergonomic}
     bool UseLargePagesIndividualAllocation        = false                                  {pd product} {ergonomic}

Logging:
Log output configuration:
 #0: stdout all=warning uptime,level,tags
 #1: stderr all=off uptime,level,tags

Environment Variables:
CLASSPATH=C:\Program Files (x86)\IBM\WebSphere MQ\java\lib\com.ibm.mqjms.jar;C:\Program Files (x86)\IBM\WebSphere MQ\java\lib\com.ibm.mq.jar
PATH=C:/Users/POLAKO/Downloads/sts-4.12.0.RELEASE//plugins/org.eclipse.justj.openjdk.hotspot.jre.full.win32.x86_64_16.0.2.v20210721-1149/jre/bin/server;C:/Users/POLAKO/Downloads/sts-4.12.0.RELEASE//plugins/org.eclipse.justj.openjdk.hotspot.jre.full.win32.x86_64_16.0.2.v20210721-1149/jre/bin;C:\app\POLAKO\product\11.2.0\dbhome_1\bin;C:\Program Files (x86)\IBM\WebSphere MQ\java\lib;C:\Program Files (x86)\IBM\WebSphere MQ\java\lib64;C:\Program Files (x86)\Common Files\Oracle\Java\javapath;C:\WINDOWS\system32;C:\WINDOWS;C:\WINDOWS\System32\Wbem;C:\WINDOWS\System32\WindowsPowerShell\v1.0\;C:\Program Files\Microsoft SQL Server\110\Tools\Binn\;C:\Program Files (x86)\Microsoft SQL Server\120\DTS\Binn\;C:\Program Files (x86)\Microsoft SQL Server\Client SDK\ODBC\110\Tools\Binn\;C:\Program Files (x86)\Microsoft SQL Server\120\Tools\Binn\;C:\Program Files (x86)\Microsoft SQL Server\120\Tools\Binn\ManagementStudio\;C:\sonar-scanner-3.3.0\\bin;C:\WINDOWS\System32\OpenSSH\;C:\Program Files (x86)\IBM\WebSphere MQ\bin64;C:\Program Files (x86)\IBM\WebSphere MQ\bin;C:\Program Files\Microsoft\Web Platform Installer\;C:\Program Files (x86)\Microsoft ASP.NET\ASP.NET Web Pages\v1.0\;C:\Program Files (x86)\Windows Kits\8.1\Windows Performance Toolkit\;C:\Program Files\Git\cmd;C:\Program Files\nodejs\;C:\Program Files\Microsoft VS Code\bin;C:\Users\POLAKO\AppData\Local\Microsoft\WindowsApps;C:\Users\POLAKO\AppData\Roaming\npm;C:\Users\POLAKO\Downloads\sts-4.12.0.RELEASE;
USERNAME=POLAKO
OS=Windows_NT
PROCESSOR_IDENTIFIER=Intel64 Family 6 Model 58 Stepping 9, GenuineIntel



---------------  S Y S T E M  ---------------

OS:
 Windows 10 , 64 bit Build 19041 (10.0.19041.1889)
OS uptime: 0 days 2:11 hours

CPU: total 4 (initial active 4) (2 cores per cpu, 2 threads per core) family 6 model 58 stepping 9 microcode 0x21, cx8, cmov, fxsr, ht, mmx, sse, sse2, sse3, ssse3, sse4.1, sse4.2, popcnt, tsc, tscinvbit, avx, aes, erms, clmul, vzeroupper, clflush

Memory: 4k page, system-wide physical 3969M (486M free)
TotalPageFile size 11408M (AvailPageFile size 3M)
current process WorkingSet (physical memory assigned to process): 151M, peak: 168M
current process commit charge ("private bytes"): 180M, peak: 220M

vm_info: OpenJDK 64-Bit Server VM (16.0.2+7-67) for windows-amd64 JRE (16.0.2+7-67), built on Jun  8 2021 23:21:43 by "mach5one" with MS VC++ 16.7 (VS2019)

END.
